# JRE version: Java(TM) SE Runtime Environment (8.0_102-b14) (build 1.8.0_102-b14)
# Java VM: Java HotSpot(TM) Client VM (25.102-b14 mixed mode windows-x86 )
Heap:
 def new generation   total 157376K, used 86262K [0x05000000, 0x0fac0000, 0x1a550000)
  eden space 139904K,  55% used [0x05000000, 0x09c603f8, 0x0d8a0000)
  from space 17472K,  46% used [0x0e9b0000, 0x0f18d498, 0x0fac0000)
  to   space 17472K,   0% used [0x0d8a0000, 0x0d8a0000, 0x0e9b0000)
 tenured generation   total 349568K, used 33846K [0x1a550000, 0x2fab0000, 0x45000000)
   the space 349568K,   9% used [0x1a550000, 0x1c65dbc0, 0x1c65dc00, 0x2fab0000)
 Metaspace       used 48518K, capacity 50286K, committed 50304K, reserved 50560K
GC Heap History (10 events):
Event: 14.831 GC heap before
{Heap before GC invocations=20 (full 3):
 def new generation   total 157376K, used 146254K [0x05000000, 0x0fac0000, 0x1a550000)
  eden space 139904K, 100% used [0x05000000, 0x0d8a0000, 0x0d8a0000)
  from space 17472K,  36% used [0x0d8a0000, 0x0ded38a8, 0x0e9b0000)
  to   space 17472K,   0% used [0x0e9b0000, 0x0e9b0000, 0x0fac0000)
 tenured generation   total 349568K, used 27889K [0x1a550000, 0x2fab0000, 0x45000000)
   the space 349568K,   7% used [0x1a550000, 0x1c08c7f0, 0x1c08c800, 0x2fab0000)
 Metaspace       used 46077K, capacity 47678K, committed 47744K, reserved 48512K
Event: 14.852 GC heap after
Heap after GC invocations=21 (full 3):
 def new generation   total 157376K, used 8841K [0x05000000, 0x0fac0000, 0x1a550000)
  eden space 139904K,   0% used [0x05000000, 0x05000000, 0x0d8a0000)
  from space 17472K,  50% used [0x0e9b0000, 0x0f252550, 0x0fac0000)
  to   space 17472K,   0% used [0x0d8a0000, 0x0d8a0000, 0x0e9b0000)
 tenured generation   total 349568K, used 27889K [0x1a550000, 0x2fab0000, 0x45000000)
   the space 349568K,   7% used [0x1a550000, 0x1c08c7f0, 0x1c08c800, 0x2fab0000)
 Metaspace       used 46077K, capacity 47678K, committed 47744K, reserved 48512K
}
Event: 29.474 GC heap before
{Heap before GC invocations=21 (full 3):
 def new generation   total 157376K, used 148745K [0x05000000, 0x0fac0000, 0x1a550000)
  eden space 139904K, 100% used [0x05000000, 0x0d8a0000, 0x0d8a0000)
  from space 17472K,  50% used [0x0e9b0000, 0x0f252550, 0x0fac0000)
  to   space 17472K,   0% used [0x0d8a0000, 0x0d8a0000, 0x0e9b0000)
 tenured generation   total 349568K, used 27889K [0x1a550000, 0x2fab0000, 0x45000000)
   the space 349568K,   7% used [0x1a550000, 0x1c08c7f0, 0x1c08c800, 0x2fab0000)
 Metaspace       used 47454K, capacity 49095K, committed 49152K, reserved 49536K
Event: 29.501 GC heap after
Heap after GC invocations=22 (full 3):
 def new generation   total 157376K, used 9104K [0x05000000, 0x0fac0000, 0x1a550000)
  eden space 139904K,   0% used [0x05000000, 0x05000000, 0x0d8a0000)
  from space 17472K,  52% used [0x0d8a0000, 0x0e184020, 0x0e9b0000)
  to   space 17472K,   0% used [0x0e9b0000, 0x0e9b0000, 0x0fac0000)
 tenured generation   total 349568K, used 30389K [0x1a550000, 0x2fab0000, 0x45000000)
   the space 349568K,   8% used [0x1a550000, 0x1c2fd760, 0x1c2fd800, 0x2fab0000)
 Metaspace       used 47454K, capacity 49095K, committed 49152K, reserved 49536K
}
Event: 30.970 GC heap before
{Heap before GC invocations=22 (full 3):
 def new generation   total 157376K, used 149008K [0x05000000, 0x0fac0000, 0x1a550000)
  eden space 139904K, 100% used [0x05000000, 0x0d8a0000, 0x0d8a0000)
  from space 17472K,  52% used [0x0d8a0000, 0x0e184020, 0x0e9b0000)
  to   space 17472K,   0% used [0x0e9b0000, 0x0e9b0000, 0x0fac0000)
 tenured generation   total 349568K, used 30389K [0x1a550000, 0x2fab0000, 0x45000000)
   the space 349568K,   8% used [0x1a550000, 0x1c2fd760, 0x1c2fd800, 0x2fab0000)
 Metaspace       used 47828K, capacity 49468K, committed 49536K, reserved 49536K
Event: 30.997 GC heap after
Heap after GC invocations=23 (full 3):
 def new generation   total 157376K, used 8877K [0x05000000, 0x0fac0000, 0x1a550000)
  eden space 139904K,   0% used [0x05000000, 0x05000000, 0x0d8a0000)
  from space 17472K,  50% used [0x0e9b0000, 0x0f25b4b8, 0x0fac0000)
  to   space 17472K,   0% used [0x0d8a0000, 0x0d8a0000, 0x0e9b0000)
 tenured generation   total 349568K, used 32118K [0x1a550000, 0x2fab0000, 0x45000000)
   the space 349568K,   9% used [0x1a550000, 0x1c4ad868, 0x1c4ada00, 0x2fab0000)
 Metaspace       used 47828K, capacity 49468K, committed 49536K, reserved 49536K
}
Event: 72.372 GC heap before
{Heap before GC invocations=23 (full 3):
 def new generation   total 157376K, used 148781K [0x05000000, 0x0fac0000, 0x1a550000)
  eden space 139904K, 100% used [0x05000000, 0x0d8a0000, 0x0d8a0000)
  from space 17472K,  50% used [0x0e9b0000, 0x0f25b4b8, 0x0fac0000)
  to   space 17472K,   0% used [0x0d8a0000, 0x0d8a0000, 0x0e9b0000)
 tenured generation   total 349568K, used 32118K [0x1a550000, 0x2fab0000, 0x45000000)
   the space 349568K,   9% used [0x1a550000, 0x1c4ad868, 0x1c4ada00, 0x2fab0000)
 Metaspace       used 48463K, capacity 50221K, committed 50304K, reserved 50560K
Event: 72.392 GC heap after
Heap after GC invocations=24 (full 3):
 def new generation   total 157376K, used 8042K [0x05000000, 0x0fac0000, 0x1a550000)
  eden space 139904K,   0% used [0x05000000, 0x05000000, 0x0d8a0000)
  from space 17472K,  46% used [0x0d8a0000, 0x0e07a970, 0x0e9b0000)
  to   space 17472K,   0% used [0x0e9b0000, 0x0e9b0000, 0x0fac0000)
 tenured generation   total 349568K, used 33846K [0x1a550000, 0x2fab0000, 0x45000000)
   the space 349568K,   9% used [0x1a550000, 0x1c65dbc0, 0x1c65dc00, 0x2fab0000)
 Metaspace       used 48463K, capacity 50221K, committed 50304K, reserved 50560K
}
Event: 1542.226 GC heap before
{Heap before GC invocations=24 (full 3):
 def new generation   total 157376K, used 147946K [0x05000000, 0x0fac0000, 0x1a550000)
  eden space 139904K, 100% used [0x05000000, 0x0d8a0000, 0x0d8a0000)
  from space 17472K,  46% used [0x0d8a0000, 0x0e07a970, 0x0e9b0000)
  to   space 17472K,   0% used [0x0e9b0000, 0x0e9b0000, 0x0fac0000)
 tenured generation   total 349568K, used 33846K [0x1a550000, 0x2fab0000, 0x45000000)
   the space 349568K,   9% used [0x1a550000, 0x1c65dbc0, 0x1c65dc00, 0x2fab0000)
 Metaspace       used 48494K, capacity 50244K, committed 50304K, reserved 50560K
Event: 1542.241 GC heap after
Heap after GC invocations=25 (full 3):
 def new generation   total 157376K, used 8053K [0x05000000, 0x0fac0000, 0x1a550000)
  eden space 139904K,   0% used [0x05000000, 0x05000000, 0x0d8a0000)
  from space 17472K,  46% used [0x0e9b0000, 0x0f18d498, 0x0fac0000)
  to   space 17472K,   0% used [0x0d8a0000, 0x0d8a0000, 0x0e9b0000)
 tenured generation   total 349568K, used 33846K [0x1a550000, 0x2fab0000, 0x45000000)
   the space 349568K,   9% used [0x1a550000, 0x1c65dbc0, 0x1c65dc00, 0x2fab0000)
 Metaspace       used 48494K, capacity 50244K, committed 50304K, reserved 50560K
}

